* using log directory 'C:/Users/RBY11/Documents/R_Work/srtools.Rcheck'
* using R version 4.2.1 (2022-06-23 ucrt)
* using platform: x86_64-w64-mingw32 (64-bit)
* using session charset: UTF-8
* checking for file 'srtools/DESCRIPTION' ... OK
* checking extension type ... Package
* this is package 'srtools' version '0.1.0'
* package encoding: UTF-8
* checking package namespace information ... OK
* checking package dependencies ... OK
* checking if this is a source package ... OK
* checking if there is a namespace ... OK
* checking for executable files ... OK
* checking for hidden files and directories ... OK
* checking for portable file names ... OK
* checking whether package 'srtools' can be installed ... OK
* checking installed package size ... OK
* checking package directory ... OK
* checking DESCRIPTION meta-information ... WARNING
Non-standard license specification:
  What license is it under?
Standardizable: FALSE
* checking top-level files ... OK
* checking for left-over files ... OK
* checking index information ... OK
* checking package subdirectories ... OK
* checking R files for non-ASCII characters ... OK
* checking R files for syntax errors ... OK
* checking whether the package can be loaded ... OK
* checking whether the package can be loaded with stated dependencies ... OK
* checking whether the package can be unloaded cleanly ... OK
* checking whether the namespace can be loaded with stated dependencies ... OK
* checking whether the namespace can be unloaded cleanly ... OK
* checking loading without being on the library search path ... OK
* checking dependencies in R code ... NOTE
Namespaces in Imports field not imported from:
  'ggplot2' 'readxl'
  All declared Imports should be used.
* checking S3 generic/method consistency ... OK
* checking replacement functions ... OK
* checking foreign function calls ... OK
* checking R code for possible problems ... NOTE
hide: no visible global function definition for 'theme'
hide: no visible global function definition for 'element_text'
hide: no visible global function definition for 'element_blank'
hide_axistext: no visible global function definition for 'theme'
hide_axistext: no visible global function definition for 'element_text'
hide_axistitle: no visible global function definition for 'theme'
hide_axistitle: no visible global function definition for
  'element_text'
hide_misctext: no visible global function definition for 'theme'
hide_misctext: no visible global function definition for 'element_text'
hide_titles: no visible global function definition for 'theme'
hide_titles: no visible global function definition for 'element_text'
theme_dub: no visible global function definition for '%+replace%'
theme_dub: no visible global function definition for 'theme_minimal'
theme_dub: no visible global function definition for 'theme'
theme_dub: no visible global function definition for 'element_line'
theme_dub: no visible global function definition for 'element_blank'
theme_dub: no visible global function definition for 'element_rect'
theme_dub: no visible global function definition for 'element_text'
theme_hga: no visible global function definition for '%+replace%'
theme_hga: no visible global function definition for 'theme_minimal'
theme_hga: no visible global function definition for 'theme'
theme_hga: no visible global function definition for 'element_line'
theme_hga: no visible global function definition for 'element_blank'
theme_hga: no visible global function definition for 'element_rect'
theme_hga: no visible global function definition for 'element_text'
Undefined global functions or variables:
  %+replace% element_blank element_line element_rect element_text theme
  theme_minimal
* checking Rd files ... OK
* checking Rd metadata ... OK
* checking Rd cross-references ... OK
* checking for missing documentation entries ... WARNING
Undocumented code objects:
  'states'
All user-level objects in a package should have documentation entries.
See chapter 'Writing R documentation files' in the 'Writing R
Extensions' manual.
* checking for code/documentation mismatches ... OK
* checking Rd \usage sections ... OK
* checking Rd contents ... OK
* checking for unstated dependencies in examples ... ERROR
Warning: parse error in file 'lines':
6: unexpected input
74:     y = "State") +
75: hide _
         ^
** will not attempt to run examples
* checking examples ... SKIPPED
* checking PDF version of manual ... WARNING
LaTeX errors when creating PDF version.
This typically indicates Rd problems.
* checking PDF version of manual without index ... ERROR
Re-running with no redirection of stdout/stderr.
* DONE
Status: 2 ERRORs, 3 WARNINGs, 2 NOTEs
